30-Apr-22 22:18:10 - Beginning Caching Run
30-Apr-22 22:18:10 - Caching session(s): RCS02L - []
30-Apr-22 22:18:10 - Caching session(s): RCS02R - []
30-Apr-22 22:18:10 - Caching session(s): RCS16L - []
30-Apr-22 22:18:10 - Caching session(s): RCS16R - []
30-Apr-22 22:18:10 - Completed Cache Run.

30-Apr-22 22:27:44 - Beginning Caching Run
30-Apr-22 22:27:44 - Caching session(s): RCS02L - []
30-Apr-22 22:27:44 - Caching session(s): RCS02R - []
30-Apr-22 22:27:44 - Caching session(s): RCS16L - []
30-Apr-22 22:27:44 - Caching session(s): RCS16R - []
30-Apr-22 22:27:44 - Completed Cache Run.

30-Apr-22 22:28:07 - Beginning Caching Run
30-Apr-22 22:28:07 - Completed Cache Run.

01-May-22 18:13:52 - Beginning Caching Run
01-May-22 18:13:52 - Caching session(s): RCS16L - []
01-May-22 18:13:52 - Caching session(s): RCS16R - []
01-May-22 18:13:52 - Completed Caching Run.

01-May-22 18:28:32 - Beginning Caching Run
01-May-22 18:28:32 - Completed Caching Run.

01-May-22 19:56:41 - Beginning Caching Run
01-May-22 19:56:41 - Caching session(s): RCS02L - []
01-May-22 19:56:41 - Caching session(s): RCS02R - []
01-May-22 19:56:41 - Completed Caching Run.

01-May-22 19:59:44 - Beginning Caching Run
01-May-22 19:59:44 - Caching session(s): RCS02L - ['Session1651304449313']
01-May-22 19:59:44 - Caching session(s): RCS02R - ['Session1651304449877']
01-May-22 19:59:44 - Completed Caching Run.

01-May-22 20:16:01 - Beginning Caching Run
01-May-22 20:16:01 - Completed Caching Run.

01-May-22 20:33:01 - Beginning Caching Run
01-May-22 20:33:01 - Completed Caching Run.

01-May-22 20:36:01 - Beginning Caching Run
01-May-22 20:36:01 - Completed Caching Run.

01-May-22 20:47:01 - Beginning Caching Run
01-May-22 20:47:01 - Completed Caching Run.

03-May-22 02:01:01 - Beginning Caching Run
03-May-22 02:01:01 - Caching session(s): RCS02L - ['Session1651562580528']
03-May-22 02:01:01 - Caching session(s): RCS02R - ['Session1651562581270']
03-May-22 02:01:01 - Caching session(s): RCS03L - ['Session1651524752873', 'Session1651524218565', 'Session1651521633879', 'Session1651525172327', 'Session1651523714172']
03-May-22 02:01:01 - Caching session(s): RCS03R - ['Session1651525162831', 'Session1651521644236', 'Session1651524749145', 'Session1651524217568', 'Session1651521624264', 'Session1651523724053']
03-May-22 02:01:01 - Caching session(s): RCS08L - ['Session1651511964276', 'Session1651527521084', 'Session1651547429794', 'Session1651500919265', 'Session1651547593307', 'Session1651536710784', 'Session1651546190869', 'Session1651521915794']
03-May-22 02:01:01 - Caching session(s): RCS08R - ['Session1651500944302', 'Session1651547429007', 'Session1651527534204', 'Session1651521899914', 'Session1651521753036', 'Session1651511966294', 'Session1651547587459', 'Session1651540137228', 'Session1651536704653']
03-May-22 02:01:01 - Caching session(s): RCS10L - ['Session1651500849560']
03-May-22 02:01:01 - Caching session(s): RCS10R - ['Session1651500826863']
03-May-22 02:01:01 - Completed Caching Run.

04-May-22 02:01:01 - Beginning Caching Run
04-May-22 02:01:01 - Caching session(s): RCS02L - ['Session1651583204426', 'Session1651584391862']
04-May-22 02:01:01 - Caching session(s): RCS02R - ['Session1651583221284', 'Session1651584387965']
04-May-22 02:01:01 - Caching session(s): RCS08L - ['Session1651595081044', 'Session1651600377561', 'Session1651635257980', 'Session1651635405236', 'Session1651623382127']
04-May-22 02:01:01 - Caching session(s): RCS08R - ['Session1651635255933', 'Session1651594459457', 'Session1651635416918', 'Session1651595071227', 'Session1651600379528']
04-May-22 02:01:01 - Caching session(s): RCS11L - ['Session1651619283331', 'Session1651618973035', 'Session1651100155715']
04-May-22 02:01:01 - Caching session(s): RCS11R - ['Session1651618921591', 'Session1651619287230']
04-May-22 02:01:01 - Completed Caching Run.

