13-Apr-22 18:29:58 - Session1649870417208 does not have a directory in RC+S Patient Unsynced Data directory tree
13-Apr-22 18:29:58 - Session1649870403389 does not have a directory in RC+S Patient Unsynced Data directory tree
13-Apr-22 18:29:58 - Session1649859605567 does not have a directory in RC+S Patient Unsynced Data directory tree
13-Apr-22 18:29:58 - Session1649891533052 does not have a directory in RC+S Patient Unsynced Data directory tree
13-Apr-22 18:29:58 - Session1649859591199 does not have a directory in RC+S Patient Unsynced Data directory tree
13-Apr-22 18:29:58 - Session1649891532496 does not have a directory in RC+S Patient Unsynced Data directory tree
13-Apr-22 18:29:58 - Completed Run.

13-Apr-22 18:32:47 - Session1649870417208 does not have a directory in RC+S Patient Unsynced Data directory tree
13-Apr-22 18:32:47 - Session1649870403389 does not have a directory in RC+S Patient Unsynced Data directory tree
13-Apr-22 18:32:47 - Session1649859605567 does not have a directory in RC+S Patient Unsynced Data directory tree
13-Apr-22 18:32:47 - Session1649891533052 does not have a directory in RC+S Patient Unsynced Data directory tree
13-Apr-22 18:32:47 - Session1649859591199 does not have a directory in RC+S Patient Unsynced Data directory tree
13-Apr-22 18:32:47 - Session1649891532496 does not have a directory in RC+S Patient Unsynced Data directory tree
13-Apr-22 18:32:47 - Completed Run.

13-Apr-22 18:51:44 - Session1649870417208 does not have a directory in RC+S Patient Unsynced Data directory tree
13-Apr-22 18:51:44 - Session1649870403389 does not have a directory in RC+S Patient Unsynced Data directory tree
13-Apr-22 18:51:44 - Session1649859605567 does not have a directory in RC+S Patient Unsynced Data directory tree
13-Apr-22 18:51:44 - Session1649891533052 does not have a directory in RC+S Patient Unsynced Data directory tree
13-Apr-22 18:51:44 - Session1649859591199 does not have a directory in RC+S Patient Unsynced Data directory tree
13-Apr-22 18:51:44 - Session1649891532496 does not have a directory in RC+S Patient Unsynced Data directory tree
13-Apr-22 18:51:44 - Completed Run.

13-Apr-22 19:05:59 - Session1649870417208 does not have a directory in RC+S Patient Unsynced Data directory tree
13-Apr-22 19:05:59 - Session1649870403389 does not have a directory in RC+S Patient Unsynced Data directory tree
13-Apr-22 19:05:59 - Session1649859605567 does not have a directory in RC+S Patient Unsynced Data directory tree
13-Apr-22 19:05:59 - Session1649891533052 does not have a directory in RC+S Patient Unsynced Data directory tree
13-Apr-22 19:05:59 - Session1649859591199 does not have a directory in RC+S Patient Unsynced Data directory tree
13-Apr-22 19:05:59 - Session1649891532496 does not have a directory in RC+S Patient Unsynced Data directory tree
13-Apr-22 19:05:59 - Completed Run.

14-Apr-22 10:23:18 - Beginning Manage Project Directories run
14-Apr-22 10:23:18 - Session1649870417208 does not have a directory in RC+S Patient Unsynced Data directory tree
14-Apr-22 10:23:18 - Session1649870403389 does not have a directory in RC+S Patient Unsynced Data directory tree
14-Apr-22 10:23:18 - Session1649859605567 does not have a directory in RC+S Patient Unsynced Data directory tree
14-Apr-22 10:23:18 - Session1649891533052 does not have a directory in RC+S Patient Unsynced Data directory tree
14-Apr-22 10:23:18 - Session1649859591199 does not have a directory in RC+S Patient Unsynced Data directory tree
14-Apr-22 10:23:18 - Session1649891532496 does not have a directory in RC+S Patient Unsynced Data directory tree
14-Apr-22 10:23:18 - Completed Run.

14-Apr-22 11:25:03 - Beginning Manage Project Directories run
14-Apr-22 11:25:03 - Session1649870417208 does not have a directory in RC+S Patient Unsynced Data directory tree
14-Apr-22 11:25:03 - Session1649870403389 does not have a directory in RC+S Patient Unsynced Data directory tree
14-Apr-22 11:25:03 - Session1649859605567 does not have a directory in RC+S Patient Unsynced Data directory tree
14-Apr-22 11:25:03 - Session1649891533052 does not have a directory in RC+S Patient Unsynced Data directory tree
14-Apr-22 11:25:03 - Session1649859591199 does not have a directory in RC+S Patient Unsynced Data directory tree
14-Apr-22 11:25:03 - Session1649891532496 does not have a directory in RC+S Patient Unsynced Data directory tree
14-Apr-22 11:25:03 - Completed Run.

14-Apr-22 11:38:12 - Beginning Manage Project Directories run
14-Apr-22 11:38:12 - Session1649870417208 does not have a directory in RC+S Patient Unsynced Data directory tree
14-Apr-22 11:38:12 - Session1649870403389 does not have a directory in RC+S Patient Unsynced Data directory tree
14-Apr-22 11:38:12 - Session1649859605567 does not have a directory in RC+S Patient Unsynced Data directory tree
14-Apr-22 11:38:12 - Session1649891533052 does not have a directory in RC+S Patient Unsynced Data directory tree
14-Apr-22 11:38:12 - Session1649859591199 does not have a directory in RC+S Patient Unsynced Data directory tree
14-Apr-22 11:38:12 - Session1649891532496 does not have a directory in RC+S Patient Unsynced Data directory tree
14-Apr-22 11:38:12 - Completed Run.

14-Apr-22 11:38:48 - Beginning Manage Project Directories run
14-Apr-22 11:38:48 - Session1649870417208 does not have a directory in RC+S Patient Unsynced Data directory tree
14-Apr-22 11:38:48 - Session1649870403389 does not have a directory in RC+S Patient Unsynced Data directory tree
14-Apr-22 11:38:48 - Session1649859605567 does not have a directory in RC+S Patient Unsynced Data directory tree
14-Apr-22 11:38:48 - Session1649891533052 does not have a directory in RC+S Patient Unsynced Data directory tree
14-Apr-22 11:38:48 - Session1649859591199 does not have a directory in RC+S Patient Unsynced Data directory tree
14-Apr-22 11:38:48 - Session1649891532496 does not have a directory in RC+S Patient Unsynced Data directory tree
14-Apr-22 11:38:48 - Completed Run.

14-Apr-22 11:42:50 - Beginning Manage Project Directories run
14-Apr-22 11:43:26 - Beginning Manage Project Directories run
14-Apr-22 12:01:25 - Beginning Manage Project Directories run
14-Apr-22 12:02:00 - Beginning Manage Project Directories run
14-Apr-22 12:03:49 - Beginning Manage Project Directories run
14-Apr-22 12:05:29 - Beginning Manage Project Directories run
14-Apr-22 12:12:05 - Beginning Manage Project Directories run
14-Apr-22 12:13:16 - Beginning Manage Project Directories run
14-Apr-22 12:35:05 - Beginning Manage Project Directories run
14-Apr-22 12:35:43 - Beginning Manage Project Directories run
14-Apr-22 12:36:11 - Beginning Manage Project Directories run
14-Apr-22 12:38:07 - Beginning Manage Project Directories run
14-Apr-22 12:38:32 - Beginning Manage Project Directories run
14-Apr-22 12:40:26 - Beginning Manage Project Directories run
14-Apr-22 12:45:11 - Beginning Manage Project Directories run
14-Apr-22 12:47:51 - Beginning Manage Project Directories run
14-Apr-22 12:51:42 - Beginning Manage Project Directories run
14-Apr-22 12:51:42 - Session1649891533052 does not have a directory in RC+S Patient Unsynced Data directory tree
14-Apr-22 12:51:42 - Session1649891532496 does not have a directory in RC+S Patient Unsynced Data directory tree
14-Apr-22 12:51:42 - Completed Run.

14-Apr-22 13:26:50 - Beginning Manage Project Directories run
14-Apr-22 13:26:50 - Session1649891533052 does not have a directory in RC+S Patient Unsynced Data directory tree
14-Apr-22 13:26:50 - Session1649891532496 does not have a directory in RC+S Patient Unsynced Data directory tree
14-Apr-22 13:26:50 - Completed Run.

14-Apr-22 13:43:16 - Beginning Manage Project Directories run
14-Apr-22 13:43:16 - Session1649891533052 does not have a directory in RC+S Patient Unsynced Data directory tree
14-Apr-22 13:43:16 - Session1649891532496 does not have a directory in RC+S Patient Unsynced Data directory tree
14-Apr-22 13:43:16 - Completed Run.

14-Apr-22 13:45:40 - Beginning Manage Project Directories run
14-Apr-22 13:45:40 - Session1649870417208 does not have a directory in RC+S Patient Unsynced Data directory tree
14-Apr-22 13:45:40 - Session1649891533052 does not have a directory in RC+S Patient Unsynced Data directory tree
14-Apr-22 13:45:40 - Session1649891532496 does not have a directory in RC+S Patient Unsynced Data directory tree
14-Apr-22 13:45:40 - Completed Run.

14-Apr-22 13:49:11 - Beginning Manage Project Directories run
14-Apr-22 13:49:11 - Session1649870417208 does not have a directory in RC+S Patient Unsynced Data directory tree
14-Apr-22 13:49:11 - Session1649891533052 does not have a directory in RC+S Patient Unsynced Data directory tree
14-Apr-22 13:49:11 - Session1649891532496 does not have a directory in RC+S Patient Unsynced Data directory tree
14-Apr-22 13:49:11 - Completed Run.

14-Apr-22 13:50:43 - Beginning Manage Project Directories run
14-Apr-22 13:50:43 - Session1649870417208 does not have a directory in RC+S Patient Unsynced Data directory tree
14-Apr-22 13:50:43 - Session1649891533052 does not have a directory in RC+S Patient Unsynced Data directory tree
14-Apr-22 13:50:43 - Session1649891532496 does not have a directory in RC+S Patient Unsynced Data directory tree
14-Apr-22 13:50:43 - Completed Run.

14-Apr-22 13:51:57 - Beginning Manage Project Directories run
14-Apr-22 13:51:57 - Session1649870417208 does not have a directory in RC+S Patient Unsynced Data directory tree
14-Apr-22 13:51:57 - Session1649891533052 does not have a directory in RC+S Patient Unsynced Data directory tree
14-Apr-22 13:51:57 - Session1649891532496 does not have a directory in RC+S Patient Unsynced Data directory tree
14-Apr-22 13:51:57 - Completed Run.

14-Apr-22 13:52:35 - Beginning Manage Project Directories run
14-Apr-22 13:52:35 - Session1649870417208 does not have a directory in RC+S Patient Unsynced Data directory tree
14-Apr-22 13:52:35 - Session1649891533052 does not have a directory in RC+S Patient Unsynced Data directory tree
14-Apr-22 13:52:35 - Session1649891532496 does not have a directory in RC+S Patient Unsynced Data directory tree
14-Apr-22 13:52:35 - Completed Run.

14-Apr-22 13:53:15 - Beginning Manage Project Directories run
14-Apr-22 13:53:15 - Session1649870417208 does not have a directory in RC+S Patient Unsynced Data directory tree
14-Apr-22 13:53:15 - Session1649891533052 does not have a directory in RC+S Patient Unsynced Data directory tree
14-Apr-22 13:53:15 - Session1649891532496 does not have a directory in RC+S Patient Unsynced Data directory tree
14-Apr-22 13:53:15 - Completed Run.

14-Apr-22 13:54:19 - Beginning Manage Project Directories run
14-Apr-22 13:54:19 - Session1649870417208 does not have a directory in RC+S Patient Unsynced Data directory tree
14-Apr-22 13:54:19 - Session1649891533052 does not have a directory in RC+S Patient Unsynced Data directory tree
14-Apr-22 13:54:19 - Session1649891532496 does not have a directory in RC+S Patient Unsynced Data directory tree
14-Apr-22 13:54:19 - Completed Run.

14-Apr-22 13:54:39 - Beginning Manage Project Directories run
14-Apr-22 13:54:39 - Session1649891533052 does not have a directory in RC+S Patient Unsynced Data directory tree
14-Apr-22 13:54:39 - Session1649891532496 does not have a directory in RC+S Patient Unsynced Data directory tree
14-Apr-22 13:54:39 - Completed Run.

14-Apr-22 13:56:04 - Beginning Manage Project Directories run
14-Apr-22 13:56:04 - Session1649891533052 does not have a directory in RC+S Patient Unsynced Data directory tree
14-Apr-22 13:56:04 - Session1649891532496 does not have a directory in RC+S Patient Unsynced Data directory tree
14-Apr-22 13:56:04 - Completed Run.

14-Apr-22 13:57:09 - Beginning Manage Project Directories run
14-Apr-22 13:57:09 - Session1649891533052 does not have a directory in RC+S Patient Unsynced Data directory tree
14-Apr-22 13:57:09 - Session1649891532496 does not have a directory in RC+S Patient Unsynced Data directory tree
14-Apr-22 13:57:09 - Completed Run.

14-Apr-22 13:57:57 - Beginning Manage Project Directories run
14-Apr-22 13:57:57 - Session1649891533052 does not have a directory in RC+S Patient Unsynced Data directory tree
14-Apr-22 13:57:57 - Session1649891532496 does not have a directory in RC+S Patient Unsynced Data directory tree
14-Apr-22 13:57:57 - Completed Run.

14-Apr-22 14:04:00 - Beginning Manage Project Directories run
14-Apr-22 14:04:00 - Session1649891533052 does not have a directory in RC+S Patient Unsynced Data directory tree
14-Apr-22 14:04:00 - Session1649891532496 does not have a directory in RC+S Patient Unsynced Data directory tree
14-Apr-22 14:04:00 - Completed Run.

14-Apr-22 14:04:40 - Beginning Manage Project Directories run
14-Apr-22 14:04:40 - Session1649891533052 does not have a directory in RC+S Patient Unsynced Data directory tree
14-Apr-22 14:04:40 - Session1649891532496 does not have a directory in RC+S Patient Unsynced Data directory tree
14-Apr-22 14:04:40 - Completed Run.

14-Apr-22 14:08:06 - Beginning Manage Project Directories run
14-Apr-22 14:08:06 - Session1649891533052 does not have a directory in RC+S Patient Unsynced Data directory tree
14-Apr-22 14:08:06 - Session1649891532496 does not have a directory in RC+S Patient Unsynced Data directory tree
14-Apr-22 14:08:06 - Completed Run.

14-Apr-22 14:08:36 - Beginning Manage Project Directories run
14-Apr-22 14:08:36 - Session1649891533052 does not have a directory in RC+S Patient Unsynced Data directory tree
14-Apr-22 14:08:36 - Session1649891532496 does not have a directory in RC+S Patient Unsynced Data directory tree
14-Apr-22 14:08:36 - Completed Run.

14-Apr-22 14:09:38 - Beginning Manage Project Directories run
14-Apr-22 14:09:38 - Session1649891533052 does not have a directory in RC+S Patient Unsynced Data directory tree
14-Apr-22 14:09:38 - Session1649891532496 does not have a directory in RC+S Patient Unsynced Data directory tree
14-Apr-22 14:09:38 - Completed Run.

14-Apr-22 14:11:02 - Beginning Manage Project Directories run
14-Apr-22 14:11:02 - Session1649891533052 does not have a directory in RC+S Patient Unsynced Data directory tree
14-Apr-22 14:11:02 - Session1649891532496 does not have a directory in RC+S Patient Unsynced Data directory tree
14-Apr-22 14:11:02 - Completed Run.

14-Apr-22 14:13:28 - Beginning Manage Project Directories run
14-Apr-22 14:13:28 - Session1649891533052 does not have a directory in RC+S Patient Unsynced Data directory tree
14-Apr-22 14:13:28 - Session1649891532496 does not have a directory in RC+S Patient Unsynced Data directory tree
14-Apr-22 14:13:28 - Completed Run.

14-Apr-22 14:13:41 - Beginning Manage Project Directories run
14-Apr-22 14:13:41 - Session1649891533052 does not have a directory in RC+S Patient Unsynced Data directory tree
14-Apr-22 14:13:41 - Session1649891532496 does not have a directory in RC+S Patient Unsynced Data directory tree
14-Apr-22 14:13:41 - Completed Run.

14-Apr-22 14:13:51 - Beginning Manage Project Directories run
14-Apr-22 14:13:51 - Session1649891533052 does not have a directory in RC+S Patient Unsynced Data directory tree
14-Apr-22 14:13:51 - Session1649891532496 does not have a directory in RC+S Patient Unsynced Data directory tree
14-Apr-22 14:13:51 - Completed Run.

14-Apr-22 14:14:08 - Beginning Manage Project Directories run
14-Apr-22 14:14:08 - Session1649891533052 does not have a directory in RC+S Patient Unsynced Data directory tree
14-Apr-22 14:14:08 - Session1649891532496 does not have a directory in RC+S Patient Unsynced Data directory tree
14-Apr-22 14:14:08 - Completed Run.

14-Apr-22 14:16:25 - Beginning Manage Project Directories run
14-Apr-22 14:16:25 - Session1649891533052 does not have a directory in RC+S Patient Unsynced Data directory tree
14-Apr-22 14:16:25 - Session1649891532496 does not have a directory in RC+S Patient Unsynced Data directory tree
14-Apr-22 14:16:53 - Beginning Manage Project Directories run
14-Apr-22 14:16:53 - Session1649891533052 does not have a directory in RC+S Patient Unsynced Data directory tree
14-Apr-22 14:16:53 - Session1649891532496 does not have a directory in RC+S Patient Unsynced Data directory tree
14-Apr-22 14:16:53 - Completed Run.

14-Apr-22 14:17:46 - Beginning Manage Project Directories run
14-Apr-22 14:17:46 - Session1649891533052 does not have a directory in RC+S Patient Unsynced Data directory tree
14-Apr-22 14:17:46 - Session1649891532496 does not have a directory in RC+S Patient Unsynced Data directory tree
14-Apr-22 14:17:46 - Completed Run.

14-Apr-22 14:18:27 - Beginning Manage Project Directories run
14-Apr-22 14:18:27 - Session1649891533052 does not have a directory in RC+S Patient Unsynced Data directory tree
14-Apr-22 14:18:27 - Session1649891532496 does not have a directory in RC+S Patient Unsynced Data directory tree
14-Apr-22 14:18:27 - Completed Run.

14-Apr-22 14:18:42 - Beginning Manage Project Directories run
14-Apr-22 14:18:42 - Session1649891533052 does not have a directory in RC+S Patient Unsynced Data directory tree
14-Apr-22 14:18:42 - Session1649891532496 does not have a directory in RC+S Patient Unsynced Data directory tree
14-Apr-22 14:18:42 - Completed Run.

14-Apr-22 14:18:58 - Beginning Manage Project Directories run
14-Apr-22 14:18:58 - Session1649891533052 does not have a directory in RC+S Patient Unsynced Data directory tree
14-Apr-22 14:18:58 - Session1649891532496 does not have a directory in RC+S Patient Unsynced Data directory tree
14-Apr-22 14:18:58 - Completed Run.

14-Apr-22 14:19:23 - Beginning Manage Project Directories run
14-Apr-22 14:19:23 - Session1649891533052 does not have a directory in RC+S Patient Unsynced Data directory tree
14-Apr-22 14:19:23 - Session1649891532496 does not have a directory in RC+S Patient Unsynced Data directory tree
14-Apr-22 14:19:23 - Completed Run.

15-Apr-22 15:24:29 - Beginning Manage Project Directories run
15-Apr-22 15:24:29 - Completed Run.

15-Apr-22 15:35:58 - Beginning Manage Project Directories run
15-Apr-22 15:35:58 - Completed Run.

15-Apr-22 15:36:42 - Beginning Manage Project Directories run
15-Apr-22 15:36:42 - Completed Run.

15-Apr-22 15:41:27 - Beginning Manage Project Directories run
15-Apr-22 15:41:27 - Completed Run.

15-Apr-22 16:10:35 - Beginning Manage Project Directories run
15-Apr-22 16:10:35 - Completed Run.

18-Apr-22 16:06:58 - Beginning Manage Project Directories run
18-Apr-22 16:06:58 - Session1650323074897 does not have a directory in RC+S Patient Unsynced Data directory tree
18-Apr-22 16:06:58 - Completed Run.

18-Apr-22 16:10:22 - Beginning Manage Project Directories run
18-Apr-22 16:10:22 - Session1650323074897 does not have a directory in RC+S Patient Unsynced Data directory tree
18-Apr-22 16:10:22 - Completed Run.

18-Apr-22 16:11:12 - Beginning Manage Project Directories run
18-Apr-22 16:11:12 - Session1650323074897 does not have a directory in RC+S Patient Unsynced Data directory tree
18-Apr-22 16:11:12 - Completed Run.

18-Apr-22 16:14:29 - Beginning Manage Project Directories run
18-Apr-22 16:14:29 - Session1650323074897 does not have a directory in RC+S Patient Unsynced Data directory tree
18-Apr-22 16:14:29 - Session1650323549186 does not have a directory in RC+S Patient Unsynced Data directory tree
18-Apr-22 16:14:29 - Completed Run.

18-Apr-22 16:14:56 - Beginning Manage Project Directories run
18-Apr-22 16:14:56 - Session1650323074897 does not have a directory in RC+S Patient Unsynced Data directory tree
18-Apr-22 16:14:56 - Session1650323549186 does not have a directory in RC+S Patient Unsynced Data directory tree
18-Apr-22 16:14:56 - Completed Run.

18-Apr-22 16:20:42 - Beginning Manage Project Directories run
18-Apr-22 16:20:42 - Session1650323074897 does not have a directory in RC+S Patient Unsynced Data directory tree
18-Apr-22 16:20:42 - Session1650323549186 does not have a directory in RC+S Patient Unsynced Data directory tree
18-Apr-22 16:20:42 - Completed Run.

18-Apr-22 16:21:31 - Beginning Manage Project Directories run
18-Apr-22 16:21:31 - Session1650323074897 does not have a directory in RC+S Patient Unsynced Data directory tree
18-Apr-22 16:21:31 - Session1650323549186 does not have a directory in RC+S Patient Unsynced Data directory tree
18-Apr-22 16:21:31 - Completed Run.

18-Apr-22 16:25:00 - Beginning Manage Project Directories run
18-Apr-22 16:25:00 - Session1650323074897 has sessionType(s) with no related projects
18-Apr-22 16:25:00 - Completed Run.

18-Apr-22 16:33:17 - Beginning Manage Project Directories run
18-Apr-22 16:33:17 - Session1650323074897 has sessionType(s) with no related projects
18-Apr-22 16:33:17 - Session1650324502096 does not have a directory in RC+S Patient Unsynced Data directory tree
18-Apr-22 16:33:17 - Completed Run.

18-Apr-22 16:33:32 - Beginning Manage Project Directories run
18-Apr-22 16:33:32 - Session1650323074897 has sessionType(s) with no related projects
18-Apr-22 16:33:32 - Completed Run.

18-Apr-22 16:41:57 - Beginning Manage Project Directories run
18-Apr-22 16:41:57 - Session1650323074897 has sessionType(s) with no related projects
18-Apr-22 16:41:57 - Session1650325218996 does not have a directory in RC+S Patient Unsynced Data directory tree
18-Apr-22 16:41:57 - Completed Run.

18-Apr-22 16:43:19 - Beginning Manage Project Directories run
18-Apr-22 16:43:19 - Session1650323074897 has sessionType(s) with no related projects
18-Apr-22 16:43:19 - Session1650325218996 does not have a directory in RC+S Patient Unsynced Data directory tree
18-Apr-22 16:43:19 - Completed Run.

18-Apr-22 16:44:32 - Beginning Manage Project Directories run
18-Apr-22 16:44:32 - Session1650323074897 has sessionType(s) with no related projects
18-Apr-22 16:44:32 - Session1650325218996 does not have a directory in RC+S Patient Unsynced Data directory tree
18-Apr-22 16:44:32 - Completed Run.

18-Apr-22 16:45:21 - Beginning Manage Project Directories run
18-Apr-22 16:45:21 - Session1650323074897 has sessionType(s) with no related projects
18-Apr-22 16:45:21 - Session1650325218996 does not have a directory in RC+S Patient Unsynced Data directory tree
18-Apr-22 16:45:21 - Completed Run.

18-Apr-22 16:45:45 - Beginning Manage Project Directories run
18-Apr-22 16:45:45 - Session1650323074897 has sessionType(s) with no related projects
18-Apr-22 16:45:45 - Session1650325218996 does not have a directory in RC+S Patient Unsynced Data directory tree
18-Apr-22 16:45:45 - Completed Run.

18-Apr-22 16:49:59 - Beginning Manage Project Directories run
18-Apr-22 16:49:59 - Session1650323074897 has sessionType(s) with no related projects
18-Apr-22 16:49:59 - Session1650325218996 does not have a directory in RC+S Patient Unsynced Data directory tree
18-Apr-22 16:49:59 - Completed Run.

18-Apr-22 16:55:16 - Beginning Manage Project Directories run
18-Apr-22 16:55:16 - Session1650323074897 has sessionType(s) with no related projects
18-Apr-22 16:55:16 - Session1650325218996 does not have a directory in RC+S Patient Unsynced Data directory tree
18-Apr-22 16:55:16 - Completed Run.

18-Apr-22 16:55:55 - Beginning Manage Project Directories run
18-Apr-22 16:55:55 - Session1650323074897 has sessionType(s) with no related projects
18-Apr-22 16:55:55 - Completed Run.

18-Apr-22 16:59:39 - Beginning Manage Project Directories run
18-Apr-22 16:59:39 - Session1650323074897 has sessionType(s) with no related projects
18-Apr-22 16:59:39 - Completed Run.

18-Apr-22 17:02:06 - Beginning Manage Project Directories run
18-Apr-22 17:02:06 - Completed Run.

18-Apr-22 17:04:23 - Beginning Manage Project Directories run
18-Apr-22 17:04:23 - Completed Run.

18-Apr-22 17:06:24 - Beginning Manage Project Directories run
18-Apr-22 17:06:24 - Completed Run.

18-Apr-22 17:08:19 - Beginning Manage Project Directories run
18-Apr-22 17:08:19 - Completed Run.

18-Apr-22 17:11:08 - Beginning Manage Project Directories run
18-Apr-22 17:11:08 - Completed Run.

18-Apr-22 17:25:01 - Beginning Manage Project Directories run
18-Apr-22 17:25:01 - Completed Run.

18-Apr-22 17:37:20 - Beginning Manage Project Directories run
18-Apr-22 17:37:20 - Completed Run.

18-Apr-22 17:42:47 - Beginning Manage Project Directories run
18-Apr-22 17:42:47 - Completed Run.

18-Apr-22 17:43:02 - Beginning Manage Project Directories run
18-Apr-22 17:43:02 - Completed Run.

18-Apr-22 17:44:35 - Beginning Manage Project Directories run
18-Apr-22 17:44:35 - Completed Run.

18-Apr-22 17:53:53 - Beginning Manage Project Directories run
18-Apr-22 17:53:53 - Session1650329355330 does not have a directory in RC+S Patient Unsynced Data directory tree
18-Apr-22 17:53:53 - Session1650329498503 does not have a directory in RC+S Patient Unsynced Data directory tree
18-Apr-22 17:54:09 - Beginning Manage Project Directories run
18-Apr-22 17:54:09 - Session1650329355330 does not have a directory in RC+S Patient Unsynced Data directory tree
18-Apr-22 17:54:09 - Session1650329498503 does not have a directory in RC+S Patient Unsynced Data directory tree
18-Apr-22 17:54:25 - Beginning Manage Project Directories run
18-Apr-22 17:54:25 - Session1650329355330 does not have a directory in RC+S Patient Unsynced Data directory tree
18-Apr-22 17:54:25 - Session1650329498503 does not have a directory in RC+S Patient Unsynced Data directory tree
18-Apr-22 17:55:38 - Beginning Manage Project Directories run
18-Apr-22 17:55:38 - Session1650329355330 does not have a directory in RC+S Patient Unsynced Data directory tree
18-Apr-22 17:55:38 - Session1650329498503 does not have a directory in RC+S Patient Unsynced Data directory tree
18-Apr-22 17:55:38 - Session1650329577365 has sessionType(s) with no related projects
18-Apr-22 17:55:38 - Completed Run.

18-Apr-22 17:56:36 - Beginning Manage Project Directories run
18-Apr-22 17:56:36 - Session1650329355330 does not have a directory in RC+S Patient Unsynced Data directory tree
18-Apr-22 17:56:36 - Session1650329498503 does not have a directory in RC+S Patient Unsynced Data directory tree
18-Apr-22 17:56:36 - Completed Run.

19-Apr-22 07:57:06 - Beginning Manage Project Directories run
19-Apr-22 07:57:06 - Session1650329355330 does not have a directory in RC+S Patient Unsynced Data directory tree
19-Apr-22 07:57:06 - Session1650329498503 does not have a directory in RC+S Patient Unsynced Data directory tree
19-Apr-22 07:57:06 - Completed Run.

19-Apr-22 08:01:47 - Beginning Manage Project Directories run
19-Apr-22 08:01:47 - Session1650329355330 does not have a directory in RC+S Patient Unsynced Data directory tree
19-Apr-22 08:01:47 - Session1650329498503 does not have a directory in RC+S Patient Unsynced Data directory tree
19-Apr-22 08:01:47 - Completed Run.

19-Apr-22 08:11:30 - Beginning Manage Project Directories run
19-Apr-22 08:11:30 - Session1650329355330 does not have a directory in RC+S Patient Unsynced Data directory tree
19-Apr-22 08:11:30 - Session1650329498503 does not have a directory in RC+S Patient Unsynced Data directory tree
19-Apr-22 08:11:30 - Completed Run.

19-Apr-22 08:19:46 - Beginning Manage Project Directories run
19-Apr-22 08:19:46 - Session1650329355330 does not have a directory in RC+S Patient Unsynced Data directory tree
19-Apr-22 08:19:46 - Session1650329498503 does not have a directory in RC+S Patient Unsynced Data directory tree
19-Apr-22 08:20:48 - Beginning Manage Project Directories run
19-Apr-22 08:20:48 - Session1650329355330 does not have a directory in RC+S Patient Unsynced Data directory tree
19-Apr-22 08:20:48 - Session1650329498503 does not have a directory in RC+S Patient Unsynced Data directory tree
19-Apr-22 08:21:09 - Beginning Manage Project Directories run
19-Apr-22 08:21:09 - Session1650329355330 does not have a directory in RC+S Patient Unsynced Data directory tree
19-Apr-22 08:21:09 - Session1650329498503 does not have a directory in RC+S Patient Unsynced Data directory tree
19-Apr-22 08:21:54 - Beginning Manage Project Directories run
19-Apr-22 08:21:54 - Session1650329355330 does not have a directory in RC+S Patient Unsynced Data directory tree
19-Apr-22 08:21:54 - Session1650329498503 does not have a directory in RC+S Patient Unsynced Data directory tree
19-Apr-22 08:21:54 - Completed Run.

19-Apr-22 08:39:56 - Beginning Manage Project Directories run
19-Apr-22 08:39:56 - Session1650329355330 does not have a directory in RC+S Patient Unsynced Data directory tree
19-Apr-22 08:39:56 - Session1650329498503 does not have a directory in RC+S Patient Unsynced Data directory tree
19-Apr-22 08:39:56 - sessionType Something new has been added to project Clay_db_demo
19-Apr-22 08:39:56 - Completed Run.

19-Apr-22 08:42:22 - Beginning Manage Project Directories run
19-Apr-22 08:42:22 - Session1650329355330 does not have a directory in RC+S Patient Unsynced Data directory tree
19-Apr-22 08:42:22 - Session1650329498503 does not have a directory in RC+S Patient Unsynced Data directory tree
19-Apr-22 08:42:22 - Completed Run.

19-Apr-22 08:45:38 - Beginning Manage Project Directories run
19-Apr-22 08:45:38 - Session1650329355330 does not have a directory in RC+S Patient Unsynced Data directory tree
19-Apr-22 08:45:38 - Session1650329498503 does not have a directory in RC+S Patient Unsynced Data directory tree
19-Apr-22 08:45:38 - Session1650383080606 has sessionType(s) with no related projects
19-Apr-22 08:45:38 - Completed Run.

19-Apr-22 08:46:34 - Beginning Manage Project Directories run
19-Apr-22 08:46:34 - Session1650329355330 does not have a directory in RC+S Patient Unsynced Data directory tree
19-Apr-22 08:46:34 - Session1650329498503 does not have a directory in RC+S Patient Unsynced Data directory tree
19-Apr-22 08:46:34 - Completed Run.

19-Apr-22 08:56:54 - Beginning Manage Project Directories run
19-Apr-22 08:56:54 - Session1650329355330 does not have a directory in RC+S Patient Unsynced Data directory tree
19-Apr-22 08:56:54 - Session1650329498503 does not have a directory in RC+S Patient Unsynced Data directory tree
19-Apr-22 08:56:54 - Completed Run.

19-Apr-22 13:38:12 - Beginning Manage Project Directories run
19-Apr-22 13:38:12 - Session1650329355330 does not have a directory in RC+S Patient Unsynced Data directory tree
19-Apr-22 13:38:12 - Session1650329498503 does not have a directory in RC+S Patient Unsynced Data directory tree
19-Apr-22 13:38:12 - Completed Run.

19-Apr-22 13:51:21 - Beginning Manage Project Directories run
19-Apr-22 13:51:21 - Session1650329355330 does not have a directory in RC+S Patient Unsynced Data directory tree
19-Apr-22 13:51:21 - Session1650329498503 does not have a directory in RC+S Patient Unsynced Data directory tree
19-Apr-22 13:51:21 - Completed Run.

19-Apr-22 13:57:17 - Beginning Manage Project Directories run
19-Apr-22 13:57:17 - Session1650329355330 does not have a directory in RC+S Patient Unsynced Data directory tree
19-Apr-22 13:57:17 - Session1650329498503 does not have a directory in RC+S Patient Unsynced Data directory tree
19-Apr-22 13:57:17 - Completed Run.

19-Apr-22 14:55:45 - Beginning Manage Project Directories run
19-Apr-22 14:55:45 - Session1650329355330 does not have a directory in RC+S Patient Unsynced Data directory tree
19-Apr-22 14:55:45 - Session1650329498503 does not have a directory in RC+S Patient Unsynced Data directory tree
19-Apr-22 14:56:50 - Beginning Manage Project Directories run
19-Apr-22 14:56:50 - Session1650329355330 does not have a directory in RC+S Patient Unsynced Data directory tree
19-Apr-22 14:56:50 - Session1650329498503 does not have a directory in RC+S Patient Unsynced Data directory tree
19-Apr-22 14:56:50 - Completed Run.

19-Apr-22 15:04:31 - Beginning Manage Project Directories run
19-Apr-22 15:04:31 - Session1650329355330 does not have a directory in RC+S Patient Unsynced Data directory tree
19-Apr-22 15:04:31 - Session1650329498503 does not have a directory in RC+S Patient Unsynced Data directory tree
19-Apr-22 15:04:56 - Beginning Manage Project Directories run
19-Apr-22 15:04:56 - Session1650329355330 does not have a directory in RC+S Patient Unsynced Data directory tree
19-Apr-22 15:04:56 - Session1650329498503 does not have a directory in RC+S Patient Unsynced Data directory tree
19-Apr-22 15:04:56 - sessionType Something new has been added to project Clay_db_demo
19-Apr-22 15:04:56 - Completed Run.

21-Apr-22 08:55:22 - Beginning Manage Project Directories run
21-Apr-22 08:55:22 - Session1650549257983 does not have a directory in RC+S Patient Unsynced Data directory tree
21-Apr-22 08:55:22 - Session1650521639978 does not have a directory in RC+S Patient Unsynced Data directory tree
21-Apr-22 08:55:22 - Session1650547908572 does not have a directory in RC+S Patient Unsynced Data directory tree
21-Apr-22 08:55:22 - Session1650547884350 does not have a directory in RC+S Patient Unsynced Data directory tree
21-Apr-22 08:55:22 - Session1650521643416 does not have a directory in RC+S Patient Unsynced Data directory tree
21-Apr-22 08:55:22 - Session1650549252407 does not have a directory in RC+S Patient Unsynced Data directory tree
21-Apr-22 08:55:22 - Completed Run.

21-Apr-22 10:32:36 - Beginning Manage Project Directories run
21-Apr-22 10:32:36 - Session1650549257983 does not have a directory in RC+S Patient Unsynced Data directory tree
21-Apr-22 10:32:36 - Session1650521639978 does not have a directory in RC+S Patient Unsynced Data directory tree
21-Apr-22 10:32:36 - Session1650547908572 does not have a directory in RC+S Patient Unsynced Data directory tree
21-Apr-22 10:32:36 - Session1650547884350 does not have a directory in RC+S Patient Unsynced Data directory tree
21-Apr-22 10:32:36 - Session1650521643416 does not have a directory in RC+S Patient Unsynced Data directory tree
21-Apr-22 10:32:36 - Session1650549252407 does not have a directory in RC+S Patient Unsynced Data directory tree
21-Apr-22 10:32:36 - Session1650559212595 does not have a directory in RC+S Patient Unsynced Data directory tree
21-Apr-22 10:32:36 - Session1650559203402 does not have a directory in RC+S Patient Unsynced Data directory tree
21-Apr-22 10:32:36 - Session1650562105787 does not have a directory in RC+S Patient Unsynced Data directory tree
21-Apr-22 10:36:54 - Beginning Manage Project Directories run
21-Apr-22 10:36:54 - Session1650549257983 does not have a directory in RC+S Patient Unsynced Data directory tree
21-Apr-22 10:36:54 - Session1650521639978 does not have a directory in RC+S Patient Unsynced Data directory tree
21-Apr-22 10:36:54 - Session1650547908572 does not have a directory in RC+S Patient Unsynced Data directory tree
21-Apr-22 10:36:54 - Session1650547884350 does not have a directory in RC+S Patient Unsynced Data directory tree
21-Apr-22 10:36:54 - Session1650521643416 does not have a directory in RC+S Patient Unsynced Data directory tree
21-Apr-22 10:36:54 - Session1650549252407 does not have a directory in RC+S Patient Unsynced Data directory tree
21-Apr-22 10:36:54 - Session1650559212595 does not have a directory in RC+S Patient Unsynced Data directory tree
21-Apr-22 10:36:54 - Session1650559203402 does not have a directory in RC+S Patient Unsynced Data directory tree
21-Apr-22 10:36:54 - Session1650562105787 does not have a directory in RC+S Patient Unsynced Data directory tree
21-Apr-22 11:12:44 - Beginning Manage Project Directories run
21-Apr-22 11:12:44 - Session1650549257983 does not have a directory in RC+S Patient Unsynced Data directory tree
21-Apr-22 11:12:44 - Session1650521639978 does not have a directory in RC+S Patient Unsynced Data directory tree
21-Apr-22 11:12:44 - Session1650547908572 does not have a directory in RC+S Patient Unsynced Data directory tree
21-Apr-22 11:12:44 - Session1650547884350 does not have a directory in RC+S Patient Unsynced Data directory tree
21-Apr-22 11:12:44 - Session1650521643416 does not have a directory in RC+S Patient Unsynced Data directory tree
21-Apr-22 11:12:44 - Session1650549252407 does not have a directory in RC+S Patient Unsynced Data directory tree
21-Apr-22 11:12:44 - Session1650559212595 does not have a directory in RC+S Patient Unsynced Data directory tree
21-Apr-22 11:12:44 - Session1650562107781 does not have a directory in RC+S Patient Unsynced Data directory tree
21-Apr-22 11:12:44 - Session1650559203402 does not have a directory in RC+S Patient Unsynced Data directory tree
21-Apr-22 11:12:44 - Session1650562105787 does not have a directory in RC+S Patient Unsynced Data directory tree
21-Apr-22 11:12:44 - Completed Run.

22-Apr-22 10:02:16 - Beginning Manage Project Directories run
22-Apr-22 10:02:16 - Session1650607956069 does not have a directory in RC+S Patient Unsynced Data directory tree
22-Apr-22 10:02:16 - Session1650635671816 does not have a directory in RC+S Patient Unsynced Data directory tree
22-Apr-22 10:02:16 - Session1650607941956 does not have a directory in RC+S Patient Unsynced Data directory tree
22-Apr-22 10:02:16 - Session1650635659036 does not have a directory in RC+S Patient Unsynced Data directory tree
22-Apr-22 10:02:16 - Session1650642088458 does not have a directory in RC+S Patient Unsynced Data directory tree
22-Apr-22 10:02:16 - Session1650642079217 does not have a directory in RC+S Patient Unsynced Data directory tree
22-Apr-22 10:02:16 - Completed Run.

25-Apr-22 10:45:09 - Beginning Manage Project Directories run
25-Apr-22 10:45:09 - Completed Run.

27-Apr-22 08:01:28 - Beginning Manage Project Directories run
27-Apr-22 08:01:28 - Completed Run.

27-Apr-22 17:30:11 - Beginning Manage Project Directories run
27-Apr-22 17:30:11 - Completed Run.

27-Apr-22 17:45:28 - Beginning Manage Project Directories run
27-Apr-22 17:45:28 - Session1651065918436 does not have a directory in RC+S Patient Unsynced Data directory tree
27-Apr-22 17:45:28 - Session1651065908604 does not have a directory in RC+S Patient Unsynced Data directory tree
27-Apr-22 17:45:28 - Session1651099664913 does not have a directory in RC+S Patient Unsynced Data directory tree
27-Apr-22 17:45:28 - Session1651070020783 does not have a directory in RC+S Patient Unsynced Data directory tree
27-Apr-22 17:45:28 - Session1651100155715 does not have a directory in RC+S Patient Unsynced Data directory tree
27-Apr-22 17:45:28 - Session1651070015229 does not have a directory in RC+S Patient Unsynced Data directory tree
27-Apr-22 17:45:28 - Session1651099678343 does not have a directory in RC+S Patient Unsynced Data directory tree
27-Apr-22 17:45:28 - Session1651106554144 does not have a directory in RC+S Patient Unsynced Data directory tree
27-Apr-22 17:45:28 - Session1651069738898 does not have a directory in RC+S Patient Unsynced Data directory tree
27-Apr-22 17:45:28 - Session1651080352242 does not have a directory in RC+S Patient Unsynced Data directory tree
27-Apr-22 17:45:28 - Session1651071469648 does not have a directory in RC+S Patient Unsynced Data directory tree
27-Apr-22 17:45:28 - Session1651086496890 does not have a directory in RC+S Patient Unsynced Data directory tree
27-Apr-22 17:45:28 - Session1651079171640 does not have a directory in RC+S Patient Unsynced Data directory tree
27-Apr-22 17:45:28 - Session1651085302967 does not have a directory in RC+S Patient Unsynced Data directory tree
27-Apr-22 17:45:28 - Session1651083474554 does not have a directory in RC+S Patient Unsynced Data directory tree
27-Apr-22 17:45:28 - Session1651081332327 does not have a directory in RC+S Patient Unsynced Data directory tree
27-Apr-22 17:45:28 - Session1651081134094 does not have a directory in RC+S Patient Unsynced Data directory tree
27-Apr-22 17:45:28 - Session1651088125875 does not have a directory in RC+S Patient Unsynced Data directory tree
27-Apr-22 17:45:28 - Session1651086440142 does not have a directory in RC+S Patient Unsynced Data directory tree
27-Apr-22 17:45:28 - Session1651087174731 does not have a directory in RC+S Patient Unsynced Data directory tree
27-Apr-22 17:45:28 - Session1651088423646 does not have a directory in RC+S Patient Unsynced Data directory tree
27-Apr-22 17:45:28 - Session1651086498230 does not have a directory in RC+S Patient Unsynced Data directory tree
27-Apr-22 17:45:28 - Session1651083459447 does not have a directory in RC+S Patient Unsynced Data directory tree
27-Apr-22 17:45:28 - Session1651087175605 does not have a directory in RC+S Patient Unsynced Data directory tree
27-Apr-22 17:45:28 - Session1651081349136 does not have a directory in RC+S Patient Unsynced Data directory tree
27-Apr-22 17:45:28 - Session1651079049785 does not have a directory in RC+S Patient Unsynced Data directory tree
27-Apr-22 17:45:28 - Session1651085287588 does not have a directory in RC+S Patient Unsynced Data directory tree
27-Apr-22 17:45:28 - Session1651079170951 does not have a directory in RC+S Patient Unsynced Data directory tree
27-Apr-22 17:45:28 - Session1651086458016 does not have a directory in RC+S Patient Unsynced Data directory tree
27-Apr-22 17:45:28 - Session1651081149293 does not have a directory in RC+S Patient Unsynced Data directory tree
27-Apr-22 17:45:28 - Session1651088439225 does not have a directory in RC+S Patient Unsynced Data directory tree
27-Apr-22 17:45:28 - Session1651088109918 does not have a directory in RC+S Patient Unsynced Data directory tree
27-Apr-22 17:45:28 - Completed Run.

27-Apr-22 18:32:59 - Beginning Manage Project Directories run
30-Apr-22 16:48:06 - Beginning Manage Project Directories run
30-Apr-22 16:48:06 - RCS02L - Session1651324656443 does not have a directory in RC+S Patient Unsynced Data directory tree
30-Apr-22 16:48:06 - RCS02R - Session1651324650818 does not have a directory in RC+S Patient Unsynced Data directory tree
30-Apr-22 16:48:06 - RCS16L - Session1651325492382 does not have a directory in RC+S Patient Unsynced Data directory tree
30-Apr-22 16:48:06 - RCS16L - Session1651323784980 does not have a directory in RC+S Patient Unsynced Data directory tree
30-Apr-22 16:48:06 - RCS16L - Session1651336131764 does not have a directory in RC+S Patient Unsynced Data directory tree
30-Apr-22 16:48:06 - RCS16L - Session1651324792602 does not have a directory in RC+S Patient Unsynced Data directory tree
30-Apr-22 16:48:06 - RCS16L - Session1651336829892 does not have a directory in RC+S Patient Unsynced Data directory tree
30-Apr-22 16:48:06 - RCS16L - Session1651326316767 does not have a directory in RC+S Patient Unsynced Data directory tree
30-Apr-22 16:48:06 - RCS16R - Session1651326307678 does not have a directory in RC+S Patient Unsynced Data directory tree
30-Apr-22 16:48:06 - RCS16R - Session1651324863470 does not have a directory in RC+S Patient Unsynced Data directory tree
30-Apr-22 16:48:06 - RCS16R - Session1651324844104 does not have a directory in RC+S Patient Unsynced Data directory tree
30-Apr-22 16:48:06 - RCS16R - Session1651336821364 does not have a directory in RC+S Patient Unsynced Data directory tree
30-Apr-22 16:48:06 - RCS16R - Session1651325506409 does not have a directory in RC+S Patient Unsynced Data directory tree
30-Apr-22 16:48:06 - RCS16R - Session1651336129305 does not have a directory in RC+S Patient Unsynced Data directory tree
30-Apr-22 16:48:06 - Removed folling sessions from cache: RCS02L - {'Session1651138561457', 'Session1651304449313', 'Session1651239539453', 'Session1651238321486', 'Session1651238777911', 'Session1651165820252', 'Session1651124299038', 'Session1651165530046', 'Session1651206439758', 'Session1651065918436', 'Session1651151761812', 'Session1651238301985'}
30-Apr-22 16:48:06 - Removed folling sessions from cache: RCS02R - {'Session1651206431457', 'Session1651239530563', 'Session1651238286734', 'Session1651065908604', 'Session1651165824325', 'Session1651138600193', 'Session1651165533924', 'Session1651151765541', 'Session1651124289341', 'Session1651304449877'}
30-Apr-22 16:48:06 - Removed folling sessions from cache: RCS11L - ['Session1651099664913', 'Session1651070020783', 'Session1651100155715']
30-Apr-22 16:48:06 - Removed folling sessions from cache: RCS11R - ['Session1651070015229', 'Session1651099678343', 'Session1651106554144']
30-Apr-22 16:48:06 - Removed folling sessions from cache: RCS12L - ['Session1651069738898', 'Session1651080352242', 'Session1651071469648']
30-Apr-22 16:48:06 - Removed folling sessions from cache: RCS08L - ['Session1651289028755']
30-Apr-22 16:48:06 - Removed folling sessions from cache: RCS08R - ['Session1651289029475']
30-Apr-22 16:48:06 - Removed folling sessions from cache: RCS16L - {'Session1651300268140'}
30-Apr-22 16:48:06 - Removed folling sessions from cache: RCS16R - {'Session1651300245537', 'Session1651300155329'}
30-Apr-22 16:48:06 - Completed Run.

30-Apr-22 22:36:42 - Beginning Manage Project Directories run
30-Apr-22 22:36:42 - RCS02L - Session1651324656443 does not have a directory in RC+S Patient Unsynced Data directory tree
30-Apr-22 22:36:42 - RCS02R - Session1651324650818 does not have a directory in RC+S Patient Unsynced Data directory tree
30-Apr-22 22:36:42 - RCS16L - Session1651325492382 does not have a directory in RC+S Patient Unsynced Data directory tree
30-Apr-22 22:36:42 - RCS16L - Session1651323784980 does not have a directory in RC+S Patient Unsynced Data directory tree
30-Apr-22 22:36:42 - RCS16L - Session1651336131764 does not have a directory in RC+S Patient Unsynced Data directory tree
30-Apr-22 22:36:42 - RCS16L - Session1651324792602 does not have a directory in RC+S Patient Unsynced Data directory tree
30-Apr-22 22:36:42 - RCS16L - Session1651336829892 does not have a directory in RC+S Patient Unsynced Data directory tree
30-Apr-22 22:36:42 - RCS16L - Session1651326316767 does not have a directory in RC+S Patient Unsynced Data directory tree
30-Apr-22 22:36:42 - RCS16R - Session1651326307678 does not have a directory in RC+S Patient Unsynced Data directory tree
30-Apr-22 22:36:42 - RCS16R - Session1651324863470 does not have a directory in RC+S Patient Unsynced Data directory tree
30-Apr-22 22:36:42 - RCS16R - Session1651324844104 does not have a directory in RC+S Patient Unsynced Data directory tree
30-Apr-22 22:36:42 - RCS16R - Session1651336821364 does not have a directory in RC+S Patient Unsynced Data directory tree
30-Apr-22 22:36:42 - RCS16R - Session1651325506409 does not have a directory in RC+S Patient Unsynced Data directory tree
30-Apr-22 22:36:42 - RCS16R - Session1651336129305 does not have a directory in RC+S Patient Unsynced Data directory tree
30-Apr-22 22:36:42 - Removed following sessions from cache: RCS02L - set()
30-Apr-22 22:36:42 - Removed following sessions from cache: RCS02R - set()
30-Apr-22 22:36:42 - Removed following sessions from cache: RCS16L - set()
30-Apr-22 22:36:42 - Removed following sessions from cache: RCS16R - set()
30-Apr-22 22:36:42 - Completed Run.

01-May-22 18:28:49 - Beginning Manage Project Directories run
01-May-22 20:36:01 - Beginning Manage Project Directories run
01-May-22 20:36:01 - RCS02L - Session1651324656443 does not have a directory in RC+S Patient Unsynced Data directory tree
01-May-22 20:36:01 - RCS02L - Session1651304449313 does not have a directory in RC+S Patient Unsynced Data directory tree
01-May-22 20:36:01 - RCS02R - Session1651324650818 does not have a directory in RC+S Patient Unsynced Data directory tree
01-May-22 20:36:01 - RCS02R - Session1651304449877 does not have a directory in RC+S Patient Unsynced Data directory tree
01-May-22 20:36:01 - RCS16L - Session1651414078528 does not have a directory in RC+S Patient Unsynced Data directory tree
01-May-22 20:36:01 - RCS16L - Session1651414116394 does not have a directory in RC+S Patient Unsynced Data directory tree
01-May-22 20:36:01 - RCS16R - Session1651414112687 does not have a directory in RC+S Patient Unsynced Data directory tree
01-May-22 20:36:01 - Removed following sessions from cache: RCS02L - set()
01-May-22 20:36:01 - Removed following sessions from cache: RCS02R - set()
01-May-22 20:36:01 - Removed following sessions from cache: RCS16L - {'Session1651406715709', 'Session1651323784980', 'Session1651336829892', 'Session1651325492382', 'Session1651336131764', 'Session1651324792602', 'Session1651406692845', 'Session1651326316767', 'Session1651385140384'}
01-May-22 20:36:01 - Removed following sessions from cache: RCS16R - {'Session1651336821364', 'Session1651395119134', 'Session1651385125268', 'Session1651325506409', 'Session1651324844104', 'Session1651384965215', 'Session1651336129305', 'Session1651326307678', 'Session1651324863470'}
01-May-22 20:36:01 - Completed Run.

01-May-22 20:48:02 - Beginning Manage Project Directories run
01-May-22 20:48:02 - RCS02L - Session1651324656443 does not have a directory in RC+S Patient Unsynced Data directory tree
01-May-22 20:48:02 - RCS02L - Session1651304449313 does not have a directory in RC+S Patient Unsynced Data directory tree
01-May-22 20:48:02 - RCS02R - Session1651324650818 does not have a directory in RC+S Patient Unsynced Data directory tree
01-May-22 20:48:02 - RCS02R - Session1651304449877 does not have a directory in RC+S Patient Unsynced Data directory tree
01-May-22 20:48:02 - RCS16L - Session1651414078528 does not have a directory in RC+S Patient Unsynced Data directory tree
01-May-22 20:48:02 - RCS16L - Session1651414116394 does not have a directory in RC+S Patient Unsynced Data directory tree
01-May-22 20:48:02 - RCS16R - Session1651414112687 does not have a directory in RC+S Patient Unsynced Data directory tree
01-May-22 20:48:02 - Removed following sessions from cache: RCS02L - set()
01-May-22 20:48:02 - Removed following sessions from cache: RCS02R - set()
01-May-22 20:48:02 - Removed following sessions from cache: RCS16L - set()
01-May-22 20:48:02 - Removed following sessions from cache: RCS16R - set()
01-May-22 20:48:02 - Completed Run.

